<?xml version="1.0" encoding="UTF-8"?>
<!-- Generated by org.testng.reporters.JUnitReportReporter -->
<testsuite skipped="0" hostname="BLR2SANTANUP1A" name="testcases.ProductDetail" tests="1" failures="0" timestamp="5 Dec 2016 09:54:10 GMT" time="10.759" errors="0">
  <testcase name="productDetailMatch" time="10.759" classname="testcases.ProductDetail"/>
</testsuite> <!-- testcases.ProductDetail -->
